<?xml version="1.0" encoding="UTF-8"?>
<!-- Generated by org.testng.reporters.JUnitReportReporter -->
<testsuite hostname="Pankaj" failures="0" tests="1" name="theD.MiniERP_Edu.loginTest" time="5.900" errors="0" timestamp="2023-02-25T20:34:56 IST" skipped="0">
  <testcase classname="theD.MiniERP_Edu.loginTest" name="Insert_Enquiry" time="5.900"/>
  <system-out/>
</testsuite> <!-- theD.MiniERP_Edu.loginTest -->
