<?xml version="1.0" encoding="UTF-8"?>
<!-- Generated by org.testng.reporters.JUnitReportReporter -->
<testsuite hostname="Pankaj" failures="0" tests="1" name="theD.MiniERP_Edu.loginAndUserRightsTest" time="0.934" errors="0" timestamp="2024-09-19T17:20:54 IST" skipped="0">
  <testcase classname="theD.MiniERP_Edu.loginAndUserRightsTest" name="veryUserRights" time="0.934"/>
  <system-out/>
</testsuite> <!-- theD.MiniERP_Edu.loginAndUserRightsTest -->
